<?xml version="1.0" encoding="UTF-8"?>
<!-- Generated by org.testng.reporters.JUnitReportReporter -->
<testsuite hostname="DESKTOP-NIRVJGG" failures="0" tests="1" name="com.crm.createOrganization.CreateOrganizationTest" time="33.394" errors="0" timestamp="2022-06-16T14:59:04 IST" skipped="0">
  <testcase classname="com.crm.createOrganization.CreateOrganizationTest" name="createOrganizationTest" time="33.394"/>
  <system-out/>
</testsuite> <!-- com.crm.createOrganization.CreateOrganizationTest -->
