<?xml version="1.0" encoding="UTF-8"?>
<!-- Generated by org.testng.reporters.JUnitReportReporter -->
<testsuite hostname="DESKTOP-NIRVJGG" failures="0" tests="4" name="com.crm.testNG.DataProviderFromExcelTest2" time="0.053" errors="0" timestamp="15 Jun 2022 05:33:32 GMT" skipped="0">
  <testcase classname="com.crm.testNG.DataProviderFromExcelTest2" name="bookMyShowTest" time="0.012"/>
  <testcase classname="com.crm.testNG.DataProviderFromExcelTest2" name="bookMyShowTest" time="0.029"/>
  <testcase classname="com.crm.testNG.DataProviderFromExcelTest2" name="bookMyShowTest" time="0.008"/>
  <testcase classname="com.crm.testNG.DataProviderFromExcelTest2" name="bookMyShowTest" time="0.004"/>
</testsuite> <!-- com.crm.testNG.DataProviderFromExcelTest2 -->
