<?xml version="1.0" encoding="UTF-8"?>
<!-- Generated by org.testng.reporters.JUnitReportReporter -->
<testsuite hostname="DESKTOP-NIRVJGG" failures="0" tests="1" name="com.crm.createProduct.CreateAProductByUsingVendorNameTest" time="45.681" errors="0" timestamp="2022-06-16T15:21:39 IST" skipped="0">
  <testcase classname="com.crm.createProduct.CreateAProductByUsingVendorNameTest" name="createProductByUsingVendorTest" time="45.681"/>
  <system-out/>
</testsuite> <!-- com.crm.createProduct.CreateAProductByUsingVendorNameTest -->
