<?xml version="1.0" encoding="UTF-8"?>
<!-- Generated by org.testng.reporters.JUnitReportReporter -->
<testsuite hostname="DESKTOP-NIRVJGG" failures="0" tests="1" name="com.crm.createContact.CreateContactWithOrganizationTest" time="40.783" errors="0" timestamp="2022-06-16T14:41:21 IST" skipped="0">
  <testcase classname="com.crm.createContact.CreateContactWithOrganizationTest" name="createContactWithOrganizationTest" time="40.783"/>
  <system-out/>
</testsuite> <!-- com.crm.createContact.CreateContactWithOrganizationTest -->
