<?xml version="1.0" encoding="UTF-8"?>
<!-- Generated by org.testng.reporters.JUnitReportReporter -->
<testsuite hostname="DESKTOP-NIRVJGG" failures="0" tests="1" name="com.crm.testNG.OrderOfExecutionTest" time="0.017" errors="0" timestamp="15 Jun 2022 05:34:00 GMT" skipped="0">
  <testcase classname="com.crm.testNG.OrderOfExecutionTest" name="script" time="0.017"/>
</testsuite> <!-- com.crm.testNG.OrderOfExecutionTest -->
