<?xml version="1.0" encoding="UTF-8"?>
<!-- Generated by org.testng.reporters.JUnitReportReporter -->
<testsuite hostname="DESKTOP-NIRVJGG" failures="0" tests="1" name="com.crm.createProduct.ReadDataFromExcelTest" time="39.784" errors="0" timestamp="2022-06-20T17:16:33 IST" skipped="0">
  <testcase classname="com.crm.createProduct.ReadDataFromExcelTest" name="readDataFromExcelTest" time="39.784"/>
  <system-out/>
</testsuite> <!-- com.crm.createProduct.ReadDataFromExcelTest -->
