<?xml version="1.0" encoding="UTF-8"?>
<!-- Generated by org.testng.reporters.JUnitReportReporter -->
<testsuite hostname="DESKTOP-NIRVJGG" failures="0" tests="3" name="com.crm.testNG.DataProviderTest" time="0.031" errors="0" timestamp="2022-06-15T15:27:56 IST" skipped="0">
  <testcase classname="com.crm.testNG.DataProviderTest" name="bookTicketTest" time="0.006"/>
  <system-out/>
  <testcase classname="com.crm.testNG.DataProviderTest" name="bookTicketTest" time="0.011"/>
  <system-out/>
  <testcase classname="com.crm.testNG.DataProviderTest" name="bookTicketTest" time="0.014"/>
  <system-out/>
</testsuite> <!-- com.crm.testNG.DataProviderTest -->
