<?xml version="1.0" encoding="UTF-8"?>
<!-- Generated by org.testng.reporters.JUnitReportReporter -->
<testsuite hostname="DESKTOP-NIRVJGG" failures="0" tests="3" name="com.crm.testNG.DataProviderFromExcelTest" time="0.063" errors="0" timestamp="2022-06-15T15:27:44 IST" skipped="0">
  <testcase classname="com.crm.testNG.DataProviderFromExcelTest" name="bookTicketTest" time="0.043"/>
  <system-out/>
  <testcase classname="com.crm.testNG.DataProviderFromExcelTest" name="bookTicketTest" time="0.013"/>
  <system-out/>
  <testcase classname="com.crm.testNG.DataProviderFromExcelTest" name="bookTicketTest" time="0.007"/>
  <system-out/>
</testsuite> <!-- com.crm.testNG.DataProviderFromExcelTest -->
