<?xml version="1.0" encoding="UTF-8"?>
<!-- Generated by org.testng.reporters.JUnitReportReporter -->
<testsuite hostname="DESKTOP-NIRVJGG" failures="0" tests="1" name="com.crm.createProduct.VtigerCreateProductTest" time="27.696" errors="0" timestamp="2022-06-20T17:15:14 IST" skipped="0">
  <testcase classname="com.crm.createProduct.VtigerCreateProductTest" name="createProductTest" time="27.696"/>
  <system-out/>
</testsuite> <!-- com.crm.createProduct.VtigerCreateProductTest -->
