<?xml version="1.0" encoding="UTF-8"?>
<!-- Generated by org.testng.reporters.JUnitReportReporter -->
<testsuite hostname="DESKTOP-NIRVJGG" failures="0" tests="1" name="TCsForProductTest.Test" time="56.647" errors="0" timestamp="08 Jun 2022 09:39:09 GMT" skipped="0">
  <testcase classname="TCsForProductTest.Test" name="gridPractice" time="56.647"/>
</testsuite> <!-- TCsForProductTest.Test -->
