<?xml version="1.0" encoding="UTF-8"?>
<!-- Generated by org.testng.reporters.JUnitReportReporter -->
<testsuite skipped="0" hostname="DESKTOP-NIRVJGG" name="com.crm.createCampaign.CreateCampaignsTest" tests="1" failures="0" timestamp="2022-06-21T15:23:54 IST" time="41.488" errors="0">
  <testcase name="createCampaignTest" time="41.488" classname="com.crm.createCampaign.CreateCampaignsTest"/>
  <system-out/>
</testsuite> <!-- com.crm.createCampaign.CreateCampaignsTest -->
