<?xml version="1.0" encoding="UTF-8"?>
<!-- Generated by org.testng.reporters.JUnitReportReporter -->
<testsuite skipped="0" hostname="DESKTOP-NIRVJGG" name="com.crm.createDocument.VtigerCreateDocumentTest" tests="1" failures="0" timestamp="2022-06-21T15:23:55 IST" time="32.235" errors="0">
  <testcase name="createDocumentTest" time="32.235" classname="com.crm.createDocument.VtigerCreateDocumentTest"/>
  <system-out/>
</testsuite> <!-- com.crm.createDocument.VtigerCreateDocumentTest -->
