<?xml version="1.0" encoding="UTF-8"?>
<!-- Generated by org.testng.reporters.JUnitReportReporter -->
<testsuite skipped="0" hostname="DESKTOP-NIRVJGG" name="com.crm.createOrganization.CreateOrganizationTest" tests="1" failures="0" timestamp="2022-06-21T15:23:55 IST" time="38.281" errors="0">
  <testcase name="createOrganizationTest" time="38.281" classname="com.crm.createOrganization.CreateOrganizationTest"/>
  <system-out/>
</testsuite> <!-- com.crm.createOrganization.CreateOrganizationTest -->
